<?xml version="1.0" encoding="UTF-8" ?>
<testsuite tests="24" failures="0" name="runnerTest.RunnerTest" time="8.652" errors="0" skipped="0">
  <properties>
[...]
</properties>
  <testcase classname="Verify valid login from admin login page" name="I am on admin login page" time="0.036"/>
  <testcase classname="Verify valid login from admin login page" name="I enter admin@yourstore.com into username field on the login page" time="0.14"/>
  <testcase classname="Verify valid login from admin login page" name="I enter admin into password field on the login page" time="0.104"/>
  <testcase classname="Verify valid login from admin login page" name="I click on login button on login page" time="2.778"/>
  <testcase classname="Verify valid login from admin login page" name="I verify valid login message on sign in page" time="1.334"/>
  <testcase classname="Verify valid login from admin login page" name="Verify valid login from admin login page" time="1.439"/>
  <testcase classname="Verify invalid login for multiple users #1" name="I am on admin panel page" time="0.027"/>
  <testcase classname="Verify invalid login for multiple users #1" name="I enter bob@gmail.com into username text fields on admin login page" time="0.123"/>
  <testcase classname="Verify invalid login for multiple users #1" name="I enter test123 into password text fields on admin login page" time="0.11"/>
  <testcase classname="Verify invalid login for multiple users #1" name="I click on login button on admin login page" time="0.747"/>
  <testcase classname="Verify invalid login for multiple users #1" name="I verify that I used invalid credentials" time="0.023"/>
  <testcase classname="Verify invalid login for multiple users #1" name="Verify invalid login for multiple users #1" time="0.105"/>
  <testcase classname="Verify invalid login for multiple users #2" name="I am on admin panel page" time="0.024"/>
  <testcase classname="Verify invalid login for multiple users #2" name="I enter jim@gmail.com into username text fields on admin login page" time="0.116"/>
  <testcase classname="Verify invalid login for multiple users #2" name="I enter test456 into password text fields on admin login page" time="0.094"/>
  <testcase classname="Verify invalid login for multiple users #2" name="I click on login button on admin login page" time="0.649"/>
  <testcase classname="Verify invalid login for multiple users #2" name="I verify that I used invalid credentials" time="0.026"/>
  <testcase classname="Verify invalid login for multiple users #2" name="Verify invalid login for multiple users #2" time="0.108"/>
  <testcase classname="Verify invalid login for multiple users #3" name="I am on admin panel page" time="0.03"/>
  <testcase classname="Verify invalid login for multiple users #3" name="I enter liz@gmail.com into username text fields on admin login page" time="0.119"/>
  <testcase classname="Verify invalid login for multiple users #3" name="I enter 123Test into password text fields on admin login page" time="0.096"/>
  <testcase classname="Verify invalid login for multiple users #3" name="I click on login button on admin login page" time="0.298"/>
  <testcase classname="Verify invalid login for multiple users #3" name="I verify that I used invalid credentials" time="0.022"/>
  <testcase classname="Verify invalid login for multiple users #3" name="Verify invalid login for multiple users #3" time="0.104"/>
</testsuite>